[INFO][2022-08-20T15:12:30]: [main] - PS-Shodan v1.1 started at 2022-08-20T15:12:30
[INFO][2022-08-20T15:12:30]: [PS-Shodan-Helper.ps1 - check_if_file_exists] - File 'C:\Users\db\Desktop\PS-Shodan\psshodanlog.log' existing. 
[INFO][2022-08-20T15:12:30]: [PS-Shodan-Helper.ps1 - check_if_folder_exists] - Folder 'C:\Users\db\AppData\Roaming\PS-Shodan' existing. 
[INFO][2022-08-20T15:12:30]: [PS-Shodan-Helper.ps1 - check_if_folder_exists] - Folder 'C:\Users\db\AppData\Roaming\PS-Shodan\targets' existing. 
[INFO][2022-08-20T15:12:30]: [PS-Shodan-Helper.ps1 - check_if_file_exists] - File 'C:\Users\db\AppData\Roaming\PS-Shodan\targets\apikey.txt' existing. 
[INFO][2022-08-20T15:12:30]: [PS-Shodan-Helper.ps1 - check_if_file_exists] - File 'C:\Users\db\AppData\Roaming\PS-Shodan\targets\iplist.txt' existing. 
[INFO][2022-08-20T15:12:30]: [PS-Shodan-Helper.ps1 - check_if_file_exists] - File 'C:\Users\db\AppData\Roaming\PS-Shodan\targets\domains.txt' existing. 
[INFO][2022-08-20T15:12:30]: [PS-Shodan-Helper.ps1 - check_if_file_exists] - File 'C:\Users\db\AppData\Roaming\PS-Shodan\targets\HOSTS.txt' existing. 
[INFO][2022-08-20T15:16:30]: [main] - PS-Shodan v1.1 started at 2022-08-20T15:16:30
[INFO][2022-08-20T15:16:30]: [PS-Shodan-Helper.ps1 - check_if_file_exists] - File 'C:\Users\db\Desktop\PS-Shodan\psshodanlog.log' existing. 
[INFO][2022-08-20T15:16:30]: [PS-Shodan-Helper.ps1 - check_if_folder_exists] - Folder 'C:\Users\db\AppData\Roaming\PS-Shodan' existing. 
[INFO][2022-08-20T15:16:30]: [PS-Shodan-Helper.ps1 - check_if_folder_exists] - Folder 'C:\Users\db\AppData\Roaming\PS-Shodan\targets' existing. 
[INFO][2022-08-20T15:16:30]: [PS-Shodan-Helper.ps1 - check_if_file_exists] - File 'C:\Users\db\AppData\Roaming\PS-Shodan\targets\apikey.txt' existing. 
[INFO][2022-08-20T15:16:30]: [PS-Shodan-Helper.ps1 - check_if_file_exists] - File 'C:\Users\db\AppData\Roaming\PS-Shodan\targets\iplist.txt' existing. 
[INFO][2022-08-20T15:16:30]: [PS-Shodan-Helper.ps1 - check_if_file_exists] - File 'C:\Users\db\AppData\Roaming\PS-Shodan\targets\domains.txt' existing. 
[INFO][2022-08-20T15:16:30]: [PS-Shodan-Helper.ps1 - check_if_file_exists] - File 'C:\Users\db\AppData\Roaming\PS-Shodan\targets\HOSTS.txt' existing. 
[INFO][2022-08-20T15:16:30]: [PS-Shodan-Helper.ps1 - check_if_file_exists] - File 'C:\Users\db\AppData\Roaming\PS-Shodan\targets\emailcredentials.txt' was created. 
[INFO][2022-08-20T15:16:42]: [main] - PS-Shodan v1.1 started at 2022-08-20T15:16:42
[INFO][2022-08-20T15:16:42]: [PS-Shodan-Helper.ps1 - check_if_file_exists] - File 'C:\Users\db\Desktop\PS-Shodan\psshodanlog.log' existing. 
[INFO][2022-08-20T15:16:42]: [PS-Shodan-Helper.ps1 - check_if_folder_exists] - Folder 'C:\Users\db\AppData\Roaming\PS-Shodan' existing. 
[INFO][2022-08-20T15:16:42]: [PS-Shodan-Helper.ps1 - check_if_folder_exists] - Folder 'C:\Users\db\AppData\Roaming\PS-Shodan\targets' existing. 
[INFO][2022-08-20T15:16:42]: [PS-Shodan-Helper.ps1 - check_if_file_exists] - File 'C:\Users\db\AppData\Roaming\PS-Shodan\targets\apikey.txt' existing. 
[INFO][2022-08-20T15:16:42]: [PS-Shodan-Helper.ps1 - check_if_file_exists] - File 'C:\Users\db\AppData\Roaming\PS-Shodan\targets\iplist.txt' existing. 
[INFO][2022-08-20T15:16:42]: [PS-Shodan-Helper.ps1 - check_if_file_exists] - File 'C:\Users\db\AppData\Roaming\PS-Shodan\targets\domains.txt' existing. 
[INFO][2022-08-20T15:16:42]: [PS-Shodan-Helper.ps1 - check_if_file_exists] - File 'C:\Users\db\AppData\Roaming\PS-Shodan\targets\HOSTS.txt' existing. 
[INFO][2022-08-20T15:16:42]: [PS-Shodan-Helper.ps1 - check_if_file_exists] - File 'C:\Users\db\AppData\Roaming\PS-Shodan\targets\emailcredentials.txt' existing. 
[INFO][2022-08-20T15:31:25]: [main] - PS-Shodan v1.1 started at 2022-08-20T15:31:25
[INFO][2022-08-20T15:31:25]: [PS-Shodan-Helper.ps1 - check_if_file_exists] - File 'C:\Users\db\Desktop\PS-Shodan\psshodanlog.log' existing. 
[INFO][2022-08-20T15:31:25]: [PS-Shodan-Helper.ps1 - check_if_folder_exists] - Folder 'C:\Users\db\AppData\Roaming\PS-Shodan' existing. 
[INFO][2022-08-20T15:31:25]: [PS-Shodan-Helper.ps1 - check_if_folder_exists] - Folder 'C:\Users\db\AppData\Roaming\PS-Shodan\targets' existing. 
[INFO][2022-08-20T15:31:25]: [PS-Shodan-Helper.ps1 - check_if_file_exists] - File 'C:\Users\db\AppData\Roaming\PS-Shodan\targets\apikey.txt' existing. 
[INFO][2022-08-20T15:31:25]: [PS-Shodan-Helper.ps1 - check_if_file_exists] - File 'C:\Users\db\AppData\Roaming\PS-Shodan\targets\iplist.txt' existing. 
[INFO][2022-08-20T15:31:25]: [PS-Shodan-Helper.ps1 - check_if_file_exists] - File 'C:\Users\db\AppData\Roaming\PS-Shodan\targets\domains.txt' existing. 
[INFO][2022-08-20T15:31:25]: [PS-Shodan-Helper.ps1 - check_if_file_exists] - File 'C:\Users\db\AppData\Roaming\PS-Shodan\targets\HOSTS.txt' existing. 
[INFO][2022-08-20T15:31:25]: [PS-Shodan-Helper.ps1 - check_if_file_exists] - File 'C:\Users\db\AppData\Roaming\PS-Shodan\targets\emailcredentials.txt' existing. 
[INFO][2022-08-20T15:32:00]: [main] - PS-Shodan v1.1 started at 2022-08-20T15:32:00
[INFO][2022-08-20T15:32:00]: [PS-Shodan-Helper.ps1 - check_if_file_exists] - File 'C:\Users\db\Desktop\PS-Shodan\psshodanlog.log' existing. 
[INFO][2022-08-20T15:32:00]: [PS-Shodan-Helper.ps1 - check_if_folder_exists] - Folder 'C:\Users\db\AppData\Roaming\PS-Shodan' existing. 
[INFO][2022-08-20T15:32:00]: [PS-Shodan-Helper.ps1 - check_if_folder_exists] - Folder 'C:\Users\db\AppData\Roaming\PS-Shodan\targets' existing. 
[INFO][2022-08-20T15:32:00]: [PS-Shodan-Helper.ps1 - check_if_file_exists] - File 'C:\Users\db\AppData\Roaming\PS-Shodan\targets\apikey.txt' existing. 
[INFO][2022-08-20T15:32:00]: [PS-Shodan-Helper.ps1 - check_if_file_exists] - File 'C:\Users\db\AppData\Roaming\PS-Shodan\targets\iplist.txt' existing. 
[INFO][2022-08-20T15:32:00]: [PS-Shodan-Helper.ps1 - check_if_file_exists] - File 'C:\Users\db\AppData\Roaming\PS-Shodan\targets\domains.txt' existing. 
[INFO][2022-08-20T15:32:00]: [PS-Shodan-Helper.ps1 - check_if_file_exists] - File 'C:\Users\db\AppData\Roaming\PS-Shodan\targets\HOSTS.txt' existing. 
[INFO][2022-08-20T15:32:00]: [PS-Shodan-Helper.ps1 - check_if_file_exists] - File 'C:\Users\db\AppData\Roaming\PS-Shodan\targets\emailcredentials.txt' existing. 
[INFO][2022-08-20T15:32:00]: [check_API_key] - Wrote API key EIEXqSd3ZOgTfpZxpQTtJICQ0iwJzxT6 to file 'C:\Users\db\AppData\Roaming\PS-Shodan\targets\apikey.txt'
[INFO][2022-08-20T15:33:25]: [main] - PS-Shodan v1.1 started at 2022-08-20T15:33:25
[INFO][2022-08-20T15:33:25]: [PS-Shodan-Helper.ps1 - check_if_file_exists] - File 'C:\Users\db\Desktop\PS-Shodan\psshodanlog.log' existing. 
[INFO][2022-08-20T15:33:25]: [PS-Shodan-Helper.ps1 - check_if_folder_exists] - Folder 'C:\Users\db\AppData\Roaming\PS-Shodan' existing. 
[INFO][2022-08-20T15:33:25]: [PS-Shodan-Helper.ps1 - check_if_folder_exists] - Folder 'C:\Users\db\AppData\Roaming\PS-Shodan\targets' existing. 
[INFO][2022-08-20T15:33:25]: [PS-Shodan-Helper.ps1 - check_if_file_exists] - File 'C:\Users\db\AppData\Roaming\PS-Shodan\targets\apikey.txt' existing. 
[INFO][2022-08-20T15:33:25]: [PS-Shodan-Helper.ps1 - check_if_file_exists] - File 'C:\Users\db\AppData\Roaming\PS-Shodan\targets\iplist.txt' existing. 
[INFO][2022-08-20T15:33:25]: [PS-Shodan-Helper.ps1 - check_if_file_exists] - File 'C:\Users\db\AppData\Roaming\PS-Shodan\targets\domains.txt' existing. 
[INFO][2022-08-20T15:33:25]: [PS-Shodan-Helper.ps1 - check_if_file_exists] - File 'C:\Users\db\AppData\Roaming\PS-Shodan\targets\HOSTS.txt' existing. 
[INFO][2022-08-20T15:33:25]: [PS-Shodan-Helper.ps1 - check_if_file_exists] - File 'C:\Users\db\AppData\Roaming\PS-Shodan\targets\emailcredentials.txt' existing. 
[INFO][2022-08-20T15:33:25]: [check_API_key] - API key was already entered to 'C:\Users\db\AppData\Roaming\PS-Shodan\targets\apikey.txt'
